<?xml version="1.0" encoding="UTF-8"?>
<!-- Generated by org.testng.reporters.JUnitXMLReporter -->
<testsuite ignored="1" hostname="DESKTOP-SB77N2B" failures="0" tests="3" name="GRP-regression" time="0.064" errors="0" timestamp="2022-06-20T11:50:46 IST">
  <testcase classname="TestNG.GroupsDemoTest" name="aTest1" time="0.011"/>
  <testcase classname="TestNG.GroupsDemoTest" name="bTest3" time="0.002"/>
  <testcase classname="TestNG.GroupsDemoTest" name="aTest2" time="0.001"/>
  <testcase classname="TestNG.GroupsDemoTest" name="bTest4" time="0.0">
    <ignored/>
  </testcase> <!-- bTest4 -->
</testsuite> <!-- GRP-regression -->
