<?xml version="1.0" encoding="UTF-8"?>
<!-- Generated by org.testng.reporters.JUnitXMLReporter -->
<testsuite ignored="2" hostname="DESKTOP-SB77N2B" failures="0" tests="2" name="GRP-bvt" time="0.061" errors="0" timestamp="2022-06-20T11:51:08 IST">
  <testcase classname="TestNG.GroupsDemoTest" name="bTest4" time="0.013"/>
  <testcase classname="TestNG.GroupsDemoTest" name="bTest3" time="0.001"/>
  <testcase classname="TestNG.GroupsDemoTest" name="aTest2" time="0.0">
    <ignored/>
  </testcase> <!-- aTest2 -->
  <testcase classname="TestNG.GroupsDemoTest" name="aTest1" time="0.0">
    <ignored/>
  </testcase> <!-- aTest1 -->
</testsuite> <!-- GRP-bvt -->
